<?xml version="1.0" encoding="UTF-8"?>
<!-- Generated by org.testng.reporters.JUnitXMLReporter -->
<testsuite hostname="DESKTOP-N9VNCM1" ignored="0" name="Default test" tests="3" failures="0" timestamp="2020-01-16T12:50:05 EST" time="87.588" errors="0">
  <testcase name="enteringEmloyee" time="3.037" classname="com.RewiewHomework.HomeWork"/>
  <testcase name="enteringEmloyee" time="3.128" classname="com.RewiewHomework.HomeWork"/>
  <testcase name="enteringEmloyee" time="9.452" classname="com.RewiewHomework.HomeWork"/>
</testsuite> <!-- Default test -->
